aplicationMovil/build/outputs/logs/manifest-merger-debug-report.txt
-- Merging decision tree log ---
manifest
ADDED from src/main/AndroidManifest.xml:2:1-224:12
INJECTED from src/main/AndroidManifest.xml:2:1-224:12
INJECTED from src/main/AndroidManifest.xml:2:1-224:12
INJECTED from src/main/AndroidManifest.xml:2:1-224:12
MERGED from [com.android.support:design:23.3.0] AndroidManifest.xml:17:1-24:12
MERGED from [com.android.support:appcompat-v7:23.4.0] AndroidManifest.xml:17:1-27:12
MERGED from [com.android.support:recyclerview-v7:23.3.0] AndroidManifest.xml:17:1-22:12
MERGED from [com.android.support:cardview-v7:23.0.1] AndroidManifest.xml:17:1-24:12
MERGED from [com.android.volley:volley:1.1.0] AndroidManifest.xml:2:1-11:12
MERGED from [com.google.maps.android:android-maps-utils:0.4.4] AndroidManifest.xml:2:1-13:12
MERGED from [com.google.android.gms:play-services-maps:11.8.0] AndroidManifest.xml:17:1-32:12
MERGED from [com.android.support.constraint:constraint-layout:1.0.2] AndroidManifest.xml:2:1-11:12
MERGED from [com.android.support:animated-vector-drawable:23.4.0] AndroidManifest.xml:2:1-9:12
MERGED from [com.google.android.gms:play-services-base:11.8.0] AndroidManifest.xml:17:1-29:12
MERGED from [com.google.android.gms:play-services-tasks:11.8.0] AndroidManifest.xml:2:1-9:12
MERGED from [com.google.android.gms:play-services-basement:11.8.0] AndroidManifest.xml:17:1-28:12
MERGED from [com.android.support:support-vector-drawable:23.4.0] AndroidManifest.xml:2:1-9:12
MERGED from [com.android.support:support-v4:25.2.0] AndroidManifest.xml:17:1-27:12
MERGED from [com.android.support:support-fragment:25.2.0] AndroidManifest.xml:17:1-27:12
MERGED from [com.android.support:support-media-compat:25.2.0] AndroidManifest.xml:17:1-27:12
MERGED from [com.android.support:support-core-utils:25.2.0] AndroidManifest.xml:17:1-27:12
MERGED from [com.android.support:support-core-ui:25.2.0] AndroidManifest.xml:17:1-27:12
MERGED from [com.android.support:support-compat:25.2.0] AndroidManifest.xml:17:1-27:12
MERGED from [com.google.android.gms:play-services-maps-license:11.8.0] AndroidManifest.xml:2:1-6:12
MERGED from [com.google.android.gms:play-services-base-license:11.8.0] AndroidManifest.xml:2:1-6:12
MERGED from [com.google.android.gms:play-services-basement-license:11.8.0] AndroidManifest.xml:2:1-6:12
MERGED from [com.google.android.gms:play-services-tasks-license:11.8.0] AndroidManifest.xml:2:1-6:12
INJECTED from src/main/AndroidManifest.xml:2:1-224:12
INJECTED from src/main/AndroidManifest.xml:2:1-224:12
INJECTED from src/main/AndroidManifest.xml:2:1-224:12
	package
		ADDED from src/main/AndroidManifest.xml:3:5-32
		INJECTED from src/main/AndroidManifest.xml
		INJECTED from src/main/AndroidManifest.xml
	android:versionName
		ADDED from src/main/AndroidManifest.xml:5:5-30
		INJECTED from src/main/AndroidManifest.xml
		INJECTED from src/main/AndroidManifest.xml
	xmlns:android
		ADDED from src/main/AndroidManifest.xml:2:11-69
	android:versionCode
		ADDED from src/main/AndroidManifest.xml:4:5-28
		INJECTED from src/main/AndroidManifest.xml
		INJECTED from src/main/AndroidManifest.xml
uses-sdk
ADDED from src/main/AndroidManifest.xml:7:5-9:41
INJECTED from src/main/AndroidManifest.xml:7:5-9:41
INJECTED from src/main/AndroidManifest.xml:7:5-9:41
MERGED from [com.android.support:design:23.3.0] AndroidManifest.xml:20:5-43
MERGED from [com.android.support:design:23.3.0] AndroidManifest.xml:20:5-43
MERGED from [com.android.support:appcompat-v7:23.4.0] AndroidManifest.xml:21:5-23:78
MERGED from [com.android.support:appcompat-v7:23.4.0] AndroidManifest.xml:21:5-23:78
MERGED from [com.android.support:recyclerview-v7:23.3.0] AndroidManifest.xml:20:5-43
MERGED from [com.android.support:recyclerview-v7:23.3.0] AndroidManifest.xml:20:5-43
MERGED from [com.android.support:cardview-v7:23.0.1] AndroidManifest.xml:20:5-43
MERGED from [com.android.support:cardview-v7:23.0.1] AndroidManifest.xml:20:5-43
MERGED from [com.android.volley:volley:1.1.0] AndroidManifest.xml:7:5-43
MERGED from [com.android.volley:volley:1.1.0] AndroidManifest.xml:7:5-43
MERGED from [com.google.maps.android:android-maps-utils:0.4.4] AndroidManifest.xml:5:5-43
MERGED from [com.google.maps.android:android-maps-utils:0.4.4] AndroidManifest.xml:5:5-43
MERGED from [com.google.android.gms:play-services-maps:11.8.0] AndroidManifest.xml:20:5-44
MERGED from [com.google.android.gms:play-services-maps:11.8.0] AndroidManifest.xml:20:5-44
MERGED from [com.android.support.constraint:constraint-layout:1.0.2] AndroidManifest.xml:5:5-7:41
MERGED from [com.android.support.constraint:constraint-layout:1.0.2] AndroidManifest.xml:5:5-7:41
MERGED from [com.android.support:animated-vector-drawable:23.4.0] AndroidManifest.xml:5:5-44
MERGED from [com.android.support:animated-vector-drawable:23.4.0] AndroidManifest.xml:5:5-44
MERGED from [com.google.android.gms:play-services-base:11.8.0] AndroidManifest.xml:20:5-44
MERGED from [com.google.android.gms:play-services-base:11.8.0] AndroidManifest.xml:20:5-44
MERGED from [com.google.android.gms:play-services-tasks:11.8.0] AndroidManifest.xml:5:5-44
MERGED from [com.google.android.gms:play-services-tasks:11.8.0] AndroidManifest.xml:5:5-44
MERGED from [com.google.android.gms:play-services-basement:11.8.0] AndroidManifest.xml:20:5-44
MERGED from [com.google.android.gms:play-services-basement:11.8.0] AndroidManifest.xml:20:5-44
MERGED from [com.android.support:support-vector-drawable:23.4.0] AndroidManifest.xml:5:5-43
MERGED from [com.android.support:support-vector-drawable:23.4.0] AndroidManifest.xml:5:5-43
MERGED from [com.android.support:support-v4:25.2.0] AndroidManifest.xml:21:5-23:54
MERGED from [com.android.support:support-v4:25.2.0] AndroidManifest.xml:21:5-23:54
MERGED from [com.android.support:support-fragment:25.2.0] AndroidManifest.xml:21:5-23:60
MERGED from [com.android.support:support-fragment:25.2.0] AndroidManifest.xml:21:5-23:60
MERGED from [com.android.support:support-media-compat:25.2.0] AndroidManifest.xml:21:5-23:63
MERGED from [com.android.support:support-media-compat:25.2.0] AndroidManifest.xml:21:5-23:63
MERGED from [com.android.support:support-core-utils:25.2.0] AndroidManifest.xml:21:5-23:61
MERGED from [com.android.support:support-core-utils:25.2.0] AndroidManifest.xml:21:5-23:61
MERGED from [com.android.support:support-core-ui:25.2.0] AndroidManifest.xml:21:5-23:58
MERGED from [com.android.support:support-core-ui:25.2.0] AndroidManifest.xml:21:5-23:58
MERGED from [com.android.support:support-compat:25.2.0] AndroidManifest.xml:21:5-23:58
MERGED from [com.android.support:support-compat:25.2.0] AndroidManifest.xml:21:5-23:58
MERGED from [com.google.android.gms:play-services-maps-license:11.8.0] AndroidManifest.xml:4:5-43
MERGED from [com.google.android.gms:play-services-maps-license:11.8.0] AndroidManifest.xml:4:5-43
MERGED from [com.google.android.gms:play-services-base-license:11.8.0] AndroidManifest.xml:4:5-43
MERGED from [com.google.android.gms:play-services-base-license:11.8.0] AndroidManifest.xml:4:5-43
MERGED from [com.google.android.gms:play-services-basement-license:11.8.0] AndroidManifest.xml:4:5-43
MERGED from [com.google.android.gms:play-services-basement-license:11.8.0] AndroidManifest.xml:4:5-43
MERGED from [com.google.android.gms:play-services-tasks-license:11.8.0] AndroidManifest.xml:4:5-43
MERGED from [com.google.android.gms:play-services-tasks-license:11.8.0] AndroidManifest.xml:4:5-43
INJECTED from src/main/AndroidManifest.xml:7:5-9:41
INJECTED from src/main/AndroidManifest.xml:7:5-9:41
	tools:overrideLibrary
		ADDED from [com.android.support:appcompat-v7:23.4.0] AndroidManifest.xml:23:9-75
	android:targetSdkVersion
		ADDED from src/main/AndroidManifest.xml:9:9-38
		INJECTED from src/main/AndroidManifest.xml
		INJECTED from src/main/AndroidManifest.xml
	android:minSdkVersion
		ADDED from src/main/AndroidManifest.xml:8:9-35
		INJECTED from src/main/AndroidManifest.xml
		INJECTED from src/main/AndroidManifest.xml
uses-feature#0x00020000
ADDED from src/main/AndroidManifest.xml:11:5-13:35
MERGED from [com.google.android.gms:play-services-maps:11.8.0] AndroidManifest.xml:26:5-28:35
MERGED from [com.google.android.gms:play-services-maps:11.8.0] AndroidManifest.xml:26:5-28:35
	android:glEsVersion
		ADDED from src/main/AndroidManifest.xml:12:9-41
	android:required
		ADDED from src/main/AndroidManifest.xml:13:9-32
meta-data#com.google.android.gms.version
ADDED from src/main/AndroidManifest.xml:15:5-17:65
MERGED from [com.google.android.gms:play-services-basement:11.8.0] AndroidManifest.xml:23:9-25:69
MERGED from [com.google.android.gms:play-services-basement:11.8.0] AndroidManifest.xml:23:9-25:69
	android:value
		ADDED from src/main/AndroidManifest.xml:17:9-62
	android:name
		ADDED from src/main/AndroidManifest.xml:16:9-54
uses-feature#android.hardware.camera
ADDED from src/main/AndroidManifest.xml:19:5-21:35
	android:required
		ADDED from src/main/AndroidManifest.xml:21:9-32
	android:name
		ADDED from src/main/AndroidManifest.xml:20:9-47
uses-permission#android.permission.INTERNET
ADDED from src/main/AndroidManifest.xml:24:5-67
MERGED from [com.google.android.gms:play-services-maps:11.8.0] AndroidManifest.xml:24:5-67
MERGED from [com.google.android.gms:play-services-maps:11.8.0] AndroidManifest.xml:24:5-67
	android:name
		ADDED from src/main/AndroidManifest.xml:24:22-64
uses-permission#android.permission.ACCESS_NETWORK_STATE
ADDED from src/main/AndroidManifest.xml:25:5-79
MERGED from [com.google.android.gms:play-services-maps:11.8.0] AndroidManifest.xml:23:5-79
MERGED from [com.google.android.gms:play-services-maps:11.8.0] AndroidManifest.xml:23:5-79
	android:name
		ADDED from src/main/AndroidManifest.xml:25:22-76
uses-permission#android.permission.READ_CONTACTS
ADDED from src/main/AndroidManifest.xml:26:5-72
	android:name
		ADDED from src/main/AndroidManifest.xml:26:22-69
uses-permission#android.permission.WRITE_CONTACTS
ADDED from src/main/AndroidManifest.xml:27:5-73
	android:name
		ADDED from src/main/AndroidManifest.xml:27:22-70
uses-permission#android.permission.WRITE_EXTERNAL_STORAGE
ADDED from src/main/AndroidManifest.xml:28:5-81
	android:name
		ADDED from src/main/AndroidManifest.xml:28:22-78
uses-permission#android.permission.READ_EXTERNAL_STORAGE
ADDED from src/main/AndroidManifest.xml:29:5-80
	android:name
		ADDED from src/main/AndroidManifest.xml:29:22-77
uses-permission#android.permission.WRITE_INTERNAL_STORAGE
ADDED from src/main/AndroidManifest.xml:30:5-81
	android:name
		ADDED from src/main/AndroidManifest.xml:30:22-78
uses-permission#android.permission.RECEIVE_BOOT_COMPLETED
ADDED from src/main/AndroidManifest.xml:31:5-81
	android:name
		ADDED from src/main/AndroidManifest.xml:31:22-78
uses-permission#android.permission.ACCESS_FINE_LOCATION
ADDED from src/main/AndroidManifest.xml:32:5-79
	android:name
		ADDED from src/main/AndroidManifest.xml:32:22-76
uses-permission#android.permission.READ_PHONE_STATE
ADDED from src/main/AndroidManifest.xml:33:5-75
	android:name
		ADDED from src/main/AndroidManifest.xml:33:22-72
application
ADDED from src/main/AndroidManifest.xml:36:5-222:19
MERGED from [com.android.support:design:23.3.0] AndroidManifest.xml:22:5-20
MERGED from [com.android.support:design:23.3.0] AndroidManifest.xml:22:5-20
MERGED from [com.android.support:appcompat-v7:23.4.0] AndroidManifest.xml:25:5-20
MERGED from [com.android.support:appcompat-v7:23.4.0] AndroidManifest.xml:25:5-20
MERGED from [com.android.support:cardview-v7:23.0.1] AndroidManifest.xml:22:5-20
MERGED from [com.android.support:cardview-v7:23.0.1] AndroidManifest.xml:22:5-20
MERGED from [com.android.volley:volley:1.1.0] AndroidManifest.xml:9:5-20
MERGED from [com.android.volley:volley:1.1.0] AndroidManifest.xml:9:5-20
MERGED from [com.google.maps.android:android-maps-utils:0.4.4] AndroidManifest.xml:7:5-11:19
MERGED from [com.google.maps.android:android-maps-utils:0.4.4] AndroidManifest.xml:7:5-11:19
MERGED from [com.google.android.gms:play-services-maps:11.8.0] AndroidManifest.xml:30:5-20
MERGED from [com.google.android.gms:play-services-maps:11.8.0] AndroidManifest.xml:30:5-20
MERGED from [com.android.support.constraint:constraint-layout:1.0.2] AndroidManifest.xml:9:5-20
MERGED from [com.android.support.constraint:constraint-layout:1.0.2] AndroidManifest.xml:9:5-20
MERGED from [com.android.support:animated-vector-drawable:23.4.0] AndroidManifest.xml:7:5-20
MERGED from [com.android.support:animated-vector-drawable:23.4.0] AndroidManifest.xml:7:5-20
MERGED from [com.google.android.gms:play-services-base:11.8.0] AndroidManifest.xml:22:5-27:19
MERGED from [com.google.android.gms:play-services-base:11.8.0] AndroidManifest.xml:22:5-27:19
MERGED from [com.google.android.gms:play-services-tasks:11.8.0] AndroidManifest.xml:7:5-20
MERGED from [com.google.android.gms:play-services-tasks:11.8.0] AndroidManifest.xml:7:5-20
MERGED from [com.google.android.gms:play-services-basement:11.8.0] AndroidManifest.xml:22:5-26:19
MERGED from [com.google.android.gms:play-services-basement:11.8.0] AndroidManifest.xml:22:5-26:19
MERGED from [com.android.support:support-vector-drawable:23.4.0] AndroidManifest.xml:7:5-20
MERGED from [com.android.support:support-vector-drawable:23.4.0] AndroidManifest.xml:7:5-20
MERGED from [com.android.support:support-v4:25.2.0] AndroidManifest.xml:25:5-20
MERGED from [com.android.support:support-v4:25.2.0] AndroidManifest.xml:25:5-20
MERGED from [com.android.support:support-fragment:25.2.0] AndroidManifest.xml:25:5-20
MERGED from [com.android.support:support-fragment:25.2.0] AndroidManifest.xml:25:5-20
MERGED from [com.android.support:support-media-compat:25.2.0] AndroidManifest.xml:25:5-20
MERGED from [com.android.support:support-media-compat:25.2.0] AndroidManifest.xml:25:5-20
MERGED from [com.android.support:support-core-utils:25.2.0] AndroidManifest.xml:25:5-20
MERGED from [com.android.support:support-core-utils:25.2.0] AndroidManifest.xml:25:5-20
MERGED from [com.android.support:support-core-ui:25.2.0] AndroidManifest.xml:25:5-20
MERGED from [com.android.support:support-core-ui:25.2.0] AndroidManifest.xml:25:5-20
MERGED from [com.android.support:support-compat:25.2.0] AndroidManifest.xml:25:5-20
MERGED from [com.android.support:support-compat:25.2.0] AndroidManifest.xml:25:5-20
MERGED from [com.google.android.gms:play-services-maps-license:11.8.0] AndroidManifest.xml:5:5-20
MERGED from [com.google.android.gms:play-services-maps-license:11.8.0] AndroidManifest.xml:5:5-20
MERGED from [com.google.android.gms:play-services-base-license:11.8.0] AndroidManifest.xml:5:5-20
MERGED from [com.google.android.gms:play-services-base-license:11.8.0] AndroidManifest.xml:5:5-20
MERGED from [com.google.android.gms:play-services-basement-license:11.8.0] AndroidManifest.xml:5:5-20
MERGED from [com.google.android.gms:play-services-basement-license:11.8.0] AndroidManifest.xml:5:5-20
MERGED from [com.google.android.gms:play-services-tasks-license:11.8.0] AndroidManifest.xml:5:5-20
MERGED from [com.google.android.gms:play-services-tasks-license:11.8.0] AndroidManifest.xml:5:5-20
	android:label
		ADDED from src/main/AndroidManifest.xml:39:9-41
	android:versionName
		ADDED from src/main/AndroidManifest.xml:44:9-34
	android:versionCode
		ADDED from src/main/AndroidManifest.xml:43:9-32
	android:largeHeap
		ADDED from src/main/AndroidManifest.xml:40:9-33
	android:icon
		ADDED from src/main/AndroidManifest.xml:38:9-50
	android:allowBackup
		ADDED from src/main/AndroidManifest.xml:37:9-36
	android:theme
		ADDED from src/main/AndroidManifest.xml:42:9-40
	android:logo
		ADDED from src/main/AndroidManifest.xml:41:9-50
activity#com.proyecto.movil.SplashActivity
ADDED from src/main/AndroidManifest.xml:47:9-58:20
	android:label
		ADDED from src/main/AndroidManifest.xml:49:13-45
	android:theme
		ADDED from src/main/AndroidManifest.xml:50:13-77
	android:name
		ADDED from src/main/AndroidManifest.xml:48:13-61
intent-filter#android.intent.action.MAIN+android.intent.category.LAUNCHER
ADDED from src/main/AndroidManifest.xml:53:13-57:29
action#android.intent.action.MAIN
ADDED from src/main/AndroidManifest.xml:54:17-69
	android:name
		ADDED from src/main/AndroidManifest.xml:54:25-66
category#android.intent.category.LAUNCHER
ADDED from src/main/AndroidManifest.xml:56:17-77
	android:name
		ADDED from src/main/AndroidManifest.xml:56:27-74
activity#com.proyecto.movil.MainActivityDrawer
ADDED from src/main/AndroidManifest.xml:59:9-61:56
	android:label
		ADDED from src/main/AndroidManifest.xml:61:13-53
	android:name
		ADDED from src/main/AndroidManifest.xml:60:13-65
activity#com.proyecto.movil.MainActivity
ADDED from src/main/AndroidManifest.xml:62:9-64:56
	android:label
		ADDED from src/main/AndroidManifest.xml:64:13-53
	android:name
		ADDED from src/main/AndroidManifest.xml:63:13-59
activity#com.proyecto.sociosnegocio.MainSocioNegocio
ADDED from src/main/AndroidManifest.xml:67:9-69:50
	android:label
		ADDED from src/main/AndroidManifest.xml:69:13-47
	android:name
		ADDED from src/main/AndroidManifest.xml:68:13-71
activity#com.proyecto.preferences.SettingsMain
ADDED from src/main/AndroidManifest.xml:72:9-78:20
	android:label
		ADDED from src/main/AndroidManifest.xml:74:13-44
	android:name
		ADDED from src/main/AndroidManifest.xml:73:13-65
meta-data#android.support.PARENT_ACTIVITY
ADDED from src/main/AndroidManifest.xml:75:13-77:67
	android:value
		ADDED from src/main/AndroidManifest.xml:77:17-64
	android:name
		ADDED from src/main/AndroidManifest.xml:76:17-63
activity#com.proyecto.sociosnegocio.DetalleSocioNegocioMain
ADDED from src/main/AndroidManifest.xml:81:9-83:53
	android:label
		ADDED from src/main/AndroidManifest.xml:83:13-50
	android:name
		ADDED from src/main/AndroidManifest.xml:82:13-78
activity#com.proyecto.sociosnegocio.PhoneContactsListActivity
ADDED from src/main/AndroidManifest.xml:86:9-100:20
	android:label
		ADDED from src/main/AndroidManifest.xml:88:13-53
	android:windowSoftInputMode
		ADDED from src/main/AndroidManifest.xml:89:13-55
	android:name
		ADDED from src/main/AndroidManifest.xml:87:13-80
intent-filter#android.intent.action.
ADDED from src/main/AndroidManifest.xml:90:13-92:29
action#android.intent.action.
ADDED from src/main/AndroidManifest.xml:91:17-65
	android:name
		ADDED from src/main/AndroidManifest.xml:91:25-62
intent-filter#android.intent.action.SEARCH
ADDED from src/main/AndroidManifest.xml:93:13-95:29
action#android.intent.action.SEARCH
ADDED from src/main/AndroidManifest.xml:94:17-71
	android:name
		ADDED from src/main/AndroidManifest.xml:94:25-68
meta-data#android.app.searchable
ADDED from src/main/AndroidManifest.xml:97:13-99:63
	android:resource
		ADDED from src/main/AndroidManifest.xml:99:17-60
	android:name
		ADDED from src/main/AndroidManifest.xml:98:17-54
activity#com.proyecto.ventas.MainVentas
ADDED from src/main/AndroidManifest.xml:103:9-115:20
	android:label
		ADDED from src/main/AndroidManifest.xml:105:13-50
	android:name
		ADDED from src/main/AndroidManifest.xml:104:13-58
activity#com.proyecto.ventas.DetalleVentaMain
ADDED from src/main/AndroidManifest.xml:116:9-118:49
	android:label
		ADDED from src/main/AndroidManifest.xml:118:13-46
	android:name
		ADDED from src/main/AndroidManifest.xml:117:13-64
activity#com.proyecto.ventas.DetalleVentaLinea
ADDED from src/main/AndroidManifest.xml:119:9-125:20
	android:label
		ADDED from src/main/AndroidManifest.xml:121:13-46
	android:name
		ADDED from src/main/AndroidManifest.xml:120:13-65
activity#com.proyecto.cobranza.MainCobranzas
ADDED from src/main/AndroidManifest.xml:131:9-137:20
	android:label
		ADDED from src/main/AndroidManifest.xml:133:13-49
	android:name
		ADDED from src/main/AndroidManifest.xml:132:13-63
activity#com.proyecto.cobranza.DetalleCobranzaMain
ADDED from src/main/AndroidManifest.xml:138:9-140:49
	android:label
		ADDED from src/main/AndroidManifest.xml:140:13-46
	android:name
		ADDED from src/main/AndroidManifest.xml:139:13-69
activity#com.proyecto.cobranza.DetalleFacturaMain
ADDED from src/main/AndroidManifest.xml:141:9-143:49
	android:label
		ADDED from src/main/AndroidManifest.xml:143:13-46
	android:name
		ADDED from src/main/AndroidManifest.xml:142:13-68
activity#com.proyecto.informes.Informe
ADDED from src/main/AndroidManifest.xml:144:9-146:51
	android:label
		ADDED from src/main/AndroidManifest.xml:146:13-48
	android:name
		ADDED from src/main/AndroidManifest.xml:145:13-57
activity#com.proyect.movil.LoginActivity
ADDED from src/main/AndroidManifest.xml:147:9-150:71
	android:label
		ADDED from src/main/AndroidManifest.xml:149:13-57
	android:windowSoftInputMode
		ADDED from src/main/AndroidManifest.xml:150:13-68
	android:name
		ADDED from src/main/AndroidManifest.xml:148:13-42
activity#com.proyecto.facturas.DetalleFacturaLinea
ADDED from src/main/AndroidManifest.xml:151:9-153:49
	android:label
		ADDED from src/main/AndroidManifest.xml:153:13-46
	android:name
		ADDED from src/main/AndroidManifest.xml:152:13-69
activity#com.proyecto.inventario.DetalleArticuloMain
ADDED from src/main/AndroidManifest.xml:154:9-156:49
	android:label
		ADDED from src/main/AndroidManifest.xml:156:13-46
	android:name
		ADDED from src/main/AndroidManifest.xml:155:13-71
receiver#com.proyecto.broadcast.MainReceiver
ADDED from src/main/AndroidManifest.xml:158:9-162:20
	android:name
		ADDED from src/main/AndroidManifest.xml:158:19-69
intent-filter#android.intent.action.BOOT_COMPLETED
ADDED from src/main/AndroidManifest.xml:159:13-161:29
action#android.intent.action.BOOT_COMPLETED
ADDED from src/main/AndroidManifest.xml:160:17-79
	android:name
		ADDED from src/main/AndroidManifest.xml:160:25-76
service#com.proyecto.servicios.ServicioOvPr
ADDED from src/main/AndroidManifest.xml:172:9-175:40
	android:enabled
		ADDED from src/main/AndroidManifest.xml:174:13-35
	android:exported
		ADDED from src/main/AndroidManifest.xml:175:13-37
	android:name
		ADDED from src/main/AndroidManifest.xml:173:13-63
activity#com.proyecto.sociosnegocio.SocioDireccionActivity
ADDED from src/main/AndroidManifest.xml:194:9-196:70
	android:label
		ADDED from src/main/AndroidManifest.xml:196:13-67
	android:name
		ADDED from src/main/AndroidManifest.xml:195:13-77
meta-data#com.google.android.geo.API_KEY
ADDED from src/main/AndroidManifest.xml:198:9-200:55
	android:value
		ADDED from src/main/AndroidManifest.xml:200:13-52
	android:name
		ADDED from src/main/AndroidManifest.xml:199:13-58
activity#com.proyecto.movil.PinVerified
ADDED from src/main/AndroidManifest.xml:202:9-67
	android:name
		ADDED from src/main/AndroidManifest.xml:202:19-64
activity#com.proyecto.incidencias.IncidenciaActivity
ADDED from src/main/AndroidManifest.xml:203:9-80
	android:name
		ADDED from src/main/AndroidManifest.xml:203:19-77
activity#com.proyecto.facturas.BuscarFacturaActivity
ADDED from src/main/AndroidManifest.xml:204:9-80
	android:name
		ADDED from src/main/AndroidManifest.xml:204:19-77
activity#com.proyecto.sociosnegocio.ClienteBuscarActivity
ADDED from src/main/AndroidManifest.xml:205:9-85
	android:name
		ADDED from src/main/AndroidManifest.xml:205:19-82
activity#com.proyecto.incidencias.IncidenciaDetalleActivity
ADDED from src/main/AndroidManifest.xml:206:9-87
	android:name
		ADDED from src/main/AndroidManifest.xml:206:19-84
activity#com.proyecto.entregas.EntregaDetalleActivity
ADDED from src/main/AndroidManifest.xml:207:9-81
	android:name
		ADDED from src/main/AndroidManifest.xml:207:19-78
activity#com.proyecto.geolocalizacion.MapsActivity
ADDED from src/main/AndroidManifest.xml:208:9-210:59
	android:label
		ADDED from src/main/AndroidManifest.xml:210:13-56
	android:name
		ADDED from src/main/AndroidManifest.xml:209:13-69
activity#com.proyecto.geolocalizacion.ShowMapActivity
ADDED from src/main/AndroidManifest.xml:211:9-81
	android:name
		ADDED from src/main/AndroidManifest.xml:211:19-78
activity#com.proyecto.visitas.DetalleVisitaActivity
ADDED from src/main/AndroidManifest.xml:212:9-79
	android:name
		ADDED from src/main/AndroidManifest.xml:212:19-76
activity#com.proyecto.devoluciones.DevolucionActivity
ADDED from src/main/AndroidManifest.xml:213:9-81
	android:name
		ADDED from src/main/AndroidManifest.xml:213:19-78
activity#com.proyecto.devoluciones.DevolucionListaEntregaActivity
ADDED from src/main/AndroidManifest.xml:214:9-93
	android:name
		ADDED from src/main/AndroidManifest.xml:214:19-90
activity#com.proyecto.devoluciones.DevolucionArticulosActivity
ADDED from src/main/AndroidManifest.xml:215:9-90
	android:name
		ADDED from src/main/AndroidManifest.xml:215:19-87
activity#com.proyecto.devoluciones.DevolucionDetalleActivity
ADDED from src/main/AndroidManifest.xml:216:9-88
	android:name
		ADDED from src/main/AndroidManifest.xml:216:19-85
activity#com.proyecto.notacredito.NotaCreditoActivity
ADDED from src/main/AndroidManifest.xml:217:9-81
	android:name
		ADDED from src/main/AndroidManifest.xml:217:19-78
activity#com.proyecto.notacredito.NotaCreditoListaFacturaActivity
ADDED from src/main/AndroidManifest.xml:218:9-93
	android:name
		ADDED from src/main/AndroidManifest.xml:218:19-90
activity#com.proyecto.notacredito.NotaCreditoArticulosActivity
ADDED from src/main/AndroidManifest.xml:219:9-90
	android:name
		ADDED from src/main/AndroidManifest.xml:219:19-87
activity#com.proyecto.notacredito.NotaCreditoDetalleActivity
ADDED from src/main/AndroidManifest.xml:220:9-88
	android:name
		ADDED from src/main/AndroidManifest.xml:220:19-85
activity#com.proyecto.inventario.ListaArticuloPrecioActivity
ADDED from src/main/AndroidManifest.xml:221:9-97
	android:name
		ADDED from src/main/AndroidManifest.xml:221:19-85
activity#com.google.android.gms.common.api.GoogleApiActivity
ADDED from [com.google.android.gms:play-services-base:11.8.0] AndroidManifest.xml:23:9-26:75
	android:exported
		ADDED from [com.google.android.gms:play-services-base:11.8.0] AndroidManifest.xml:25:13-37
	android:theme
		ADDED from [com.google.android.gms:play-services-base:11.8.0] AndroidManifest.xml:26:13-72
	android:name
		ADDED from [com.google.android.gms:play-services-base:11.8.0] AndroidManifest.xml:24:13-79